[debug] [2018-08-31T20:53:28.126Z] ----------------------------------------------------------------------
[debug] [2018-08-31T20:53:28.130Z] Command:       C:\Program Files\nodejs\node.exe C:\Users\devon\AppData\Roaming\npm\node_modules\firebase-tools\bin\firebase serve --only functions,storage
[debug] [2018-08-31T20:53:28.130Z] CLI Version:   4.2.1
[debug] [2018-08-31T20:53:28.130Z] Platform:      win32
[debug] [2018-08-31T20:53:28.130Z] Node Version:  v10.8.0
[debug] [2018-08-31T20:53:28.132Z] Time:          Sat Sep 01 2018 05:53:28 GMT+0900 (Korean Standard Time)
[debug] [2018-08-31T20:53:28.132Z] ----------------------------------------------------------------------
[debug] 
[debug] [2018-08-31T20:53:28.146Z] > command requires scopes: ["email","openid","https://www.googleapis.com/auth/cloudplatformprojects.readonly","https://www.googleapis.com/auth/firebase","https://www.googleapis.com/auth/cloud-platform"]
[debug] [2018-08-31T20:53:28.147Z] > authorizing via signed-in user
[debug] [2018-08-31T20:53:28.149Z] > refreshing access token with scopes: ["email","https://www.googleapis.com/auth/cloud-platform","https://www.googleapis.com/auth/cloudplatformprojects.readonly","https://www.googleapis.com/auth/firebase","openid"]
[debug] [2018-08-31T20:53:28.149Z] >>> HTTP REQUEST POST https://www.googleapis.com/oauth2/v3/token  

[debug] [2018-08-31T20:53:28.425Z] <<< HTTP RESPONSE 200
[debug] [2018-08-31T20:53:28.434Z] >>> HTTP REQUEST GET https://admin.firebase.com/v1/projects/redi-4d877  
 
[debug] [2018-08-31T20:53:29.284Z] <<< HTTP RESPONSE 200
[debug] [2018-08-31T20:53:29.285Z] >>> HTTP REQUEST GET https://cloudresourcemanager.googleapis.com/v1/projects/redi-4d877  
 
[debug] [2018-08-31T20:53:30.235Z] <<< HTTP RESPONSE 200
[info] 
[info] === Serving from 'C:\devonnuri\workspace\redi\redi-backend'...
[info] 
[info] i  functions: Preparing to emulate functions.
[debug] [2018-08-31T20:53:31.295Z] Fetching environment
[debug] [2018-08-31T20:53:31.298Z] >>> HTTP REQUEST GET https://mobilesdk-pa.googleapis.com/v1/projects/1060064163027:getServerAppConfig  
 
[debug] [2018-08-31T20:53:32.402Z] <<< HTTP RESPONSE 200
[debug] [2018-08-31T20:53:32.402Z] Starting @google-cloud/functions-emulator
[debug] [2018-08-31T20:53:34.437Z] Parsing function triggers
[info] +  functions: api: http://localhost:5000/redi-4d877/us-central1/api
